<?xml version="1.0" encoding="UTF-8"?>
<testsuite xmlns:xsi="http://www.w3.org/2001/XMLSchema-instance" xsi:noNamespaceSchemaLocation="https://maven.apache.org/surefire/maven-surefire-plugin/xsd/surefire-test-report-3.0.xsd" version="3.0" name="Assertions.StudentServiceTest" time="0.243" tests="8" errors="0" skipped="0" failures="0">
  <properties>
[...]
</properties>
  <testcase name="getStudentByIdTestUsingAssertNull" classname="Assertions.StudentServiceTest" time="0.005"/>
  <testcase name="getStudentByIdTestUsingAssertNotEquals" classname="Assertions.StudentServiceTest" time="0.0"/>
  <testcase name="getStudentByIdTestUsingAssertEquals" classname="Assertions.StudentServiceTest" time="0.001"/>
  <testcase name="getStudentsTest2" classname="Assertions.StudentServiceTest" time="0.002"/>
  <testcase name="getStudentsTestUsingAssertFalse" classname="Assertions.StudentServiceTest" time="0.0"/>
  <testcase name="getStudentByIdTestUsingAssertNotNull" classname="Assertions.StudentServiceTest" time="0.001"/>
  <testcase name="getStudentByNameTestUsingAssertThrow" classname="Assertions.StudentServiceTest" time="0.005"/>
  <testcase name="getStudentsTest" classname="Assertions.StudentServiceTest" time="0.22">
    <system-out><![CDATA[données de la db H2 : 
id = 1, name = Hamza H2
actualResult = true
]]></system-out>
  </testcase>
</testsuite>